<?xml version="1.0" encoding="UTF-8"?>
<!-- Generated by org.testng.reporters.JUnitReportReporter -->
<testsuite hostname="Preyal" failures="0" tests="1" name="Com.crm.testcases.HomePageTest" time="26.559" errors="0" timestamp="2021-01-07T10:18:37 GMT-05:00" skipped="0">
  <testcase classname="Com.crm.testcases.HomePageTest" name="verifyUsernameTest" time="26.559"/>
  <system-out/>
</testsuite> <!-- Com.crm.testcases.HomePageTest -->
