<?xml version="1.0" encoding="UTF-8"?>
<!-- Generated by org.testng.reporters.JUnitReportReporter -->
<testsuite hostname="Preyal" failures="0" tests="3" name="Com.crm.testcases.LoginPageTest" time="33.925" errors="0" timestamp="2021-01-04T15:43:25 GMT-05:00" skipped="0">
  <testcase classname="Com.crm.testcases.LoginPageTest" name="loginPageTetleTest" time="9.375"/>
  <system-out/>
  <testcase classname="Com.crm.testcases.LoginPageTest" name="loginbuttonTest" time="12.913"/>
  <system-out/>
  <testcase classname="Com.crm.testcases.LoginPageTest" name="loginTest" time="11.637"/>
  <system-out/>
</testsuite> <!-- Com.crm.testcases.LoginPageTest -->
